<?xml version="1.0" encoding="utf-8"?>
<project>
  <publishers>
    <org.jenkinsci.plugins.testfairy.TestFairyIosRecorder plugin="TestFairy">
      <apiKey>apikey</apiKey>
      <appFile>/tmp/appfile.ipa</appFile>
      <testersGroups/>
      <notifyTesters>false</notifyTesters>
      <autoUpdate>false</autoUpdate>
      <maxDuration>1440m</maxDuration>
      <recordOnBackground>false</recordOnBackground>
      <dataOnlyWifi>false</dataOnlyWifi>
      <isVideoEnabled>true</isVideoEnabled>
      <screenshotInterval>5</screenshotInterval>
      <videoQuality>medium</videoQuality>
      <cpu>false</cpu>
      <memory>false</memory>
      <logs>false</logs>
      <network>false</network>
      <phoneSignal>false</phoneSignal>
      <wifi>false</wifi>
      <gps>false</gps>
      <battery>false</battery>
      <openGl>false</openGl>
      <advancedOptions/>
      <mappingFile/>
    </org.jenkinsci.plugins.testfairy.TestFairyIosRecorder>
  </publishers>
</project>
